<?xml version="1.0" encoding="UTF-8"?>
<testsuite xmlns:xsi="http://www.w3.org/2001/XMLSchema-instance" xsi:noNamespaceSchemaLocation="https://maven.apache.org/surefire/maven-surefire-plugin/xsd/surefire-test-report.xsd" name="br.com.cpqd.avm.sdk.test.TesteDataModel" time="0.054" tests="10" errors="0" skipped="0" failures="0">
  <properties>
[...]
</properties>
  <testcase name="dataModelShortText" classname="br.com.cpqd.avm.sdk.test.TesteDataModel" time="0.024"/>
  <testcase name="responseSuccessTO" classname="br.com.cpqd.avm.sdk.test.TesteDataModel" time="0.007"/>
  <testcase name="responseErrorTO" classname="br.com.cpqd.avm.sdk.test.TesteDataModel" time="0.001"/>
  <testcase name="dataModelChoices" classname="br.com.cpqd.avm.sdk.test.TesteDataModel" time="0.001"/>
  <testcase name="dataModelCollect" classname="br.com.cpqd.avm.sdk.test.TesteDataModel" time="0.001"/>
  <testcase name="dataModelContent" classname="br.com.cpqd.avm.sdk.test.TesteDataModel" time="0.001"/>
  <testcase name="dataModelMenu" classname="br.com.cpqd.avm.sdk.test.TesteDataModel" time="0.001"/>
  <testcase name="requestTO" classname="br.com.cpqd.avm.sdk.test.TesteDataModel" time="0.001"/>
  <testcase name="responseSuccessTOwithResponseFalse" classname="br.com.cpqd.avm.sdk.test.TesteDataModel" time="0.001"/>
  <testcase name="dataModelVoice" classname="br.com.cpqd.avm.sdk.test.TesteDataModel" time="0.001"/>
</testsuite>